[debug] [2023-08-13T00:24:15.667Z] ----------------------------------------------------------------------
[debug] [2023-08-13T00:24:15.671Z] Command:       C:\Program Files\nodejs\node.exe D:\personal\easystay\clientMVP\node_modules\firebase-tools\lib\bin\firebase.js deploy
[debug] [2023-08-13T00:24:15.671Z] CLI Version:   12.4.7
[debug] [2023-08-13T00:24:15.672Z] Platform:      win32
[debug] [2023-08-13T00:24:15.672Z] Node Version:  v18.16.0
[debug] [2023-08-13T00:24:15.674Z] Time:          Sun Aug 13 2023 05:24:15 GMT+0500 (Pakistan Standard Time)
[debug] [2023-08-13T00:24:15.674Z] ----------------------------------------------------------------------
[debug] 
[debug] [2023-08-13T00:24:15.917Z] > command requires scopes: ["email","openid","https://www.googleapis.com/auth/cloudplatformprojects.readonly","https://www.googleapis.com/auth/firebase","https://www.googleapis.com/auth/cloud-platform"]
[debug] [2023-08-13T00:24:15.919Z] > authorizing via signed-in user (salizahid75@gmail.com)
[debug] [2023-08-13T00:24:15.919Z] [iam] checking project easystay-2709b for permissions ["firebase.projects.get","firebasehosting.sites.update"]
[debug] [2023-08-13T00:24:15.922Z] > refreshing access token with scopes: []
[debug] [2023-08-13T00:24:15.925Z] >>> [apiv2][query] POST https://www.googleapis.com/oauth2/v3/token [none]
[debug] [2023-08-13T00:24:15.926Z] >>> [apiv2][body] POST https://www.googleapis.com/oauth2/v3/token [omitted]
[debug] [2023-08-13T00:24:16.462Z] <<< [apiv2][status] POST https://www.googleapis.com/oauth2/v3/token 200
[debug] [2023-08-13T00:24:16.463Z] <<< [apiv2][body] POST https://www.googleapis.com/oauth2/v3/token [omitted]
[debug] [2023-08-13T00:24:16.502Z] >>> [apiv2][query] POST https://cloudresourcemanager.googleapis.com/v1/projects/easystay-2709b:testIamPermissions [none]
[debug] [2023-08-13T00:24:16.502Z] >>> [apiv2][(partial)header] POST https://cloudresourcemanager.googleapis.com/v1/projects/easystay-2709b:testIamPermissions x-goog-quota-user=projects/easystay-2709b
[debug] [2023-08-13T00:24:16.503Z] >>> [apiv2][body] POST https://cloudresourcemanager.googleapis.com/v1/projects/easystay-2709b:testIamPermissions {"permissions":["firebase.projects.get","firebasehosting.sites.update"]}
[debug] [2023-08-13T00:24:18.296Z] <<< [apiv2][status] POST https://cloudresourcemanager.googleapis.com/v1/projects/easystay-2709b:testIamPermissions 200
[debug] [2023-08-13T00:24:18.296Z] <<< [apiv2][body] POST https://cloudresourcemanager.googleapis.com/v1/projects/easystay-2709b:testIamPermissions {"permissions":["firebase.projects.get","firebasehosting.sites.update"]}
[debug] [2023-08-13T00:24:18.300Z] >>> [apiv2][query] GET https://firebase.googleapis.com/v1beta1/projects/easystay-2709b [none]
[debug] [2023-08-13T00:24:19.007Z] <<< [apiv2][status] GET https://firebase.googleapis.com/v1beta1/projects/easystay-2709b 200
[debug] [2023-08-13T00:24:19.007Z] <<< [apiv2][body] GET https://firebase.googleapis.com/v1beta1/projects/easystay-2709b {"projectId":"easystay-2709b","projectNumber":"311834497870","displayName":"EasyStay","name":"projects/easystay-2709b","resources":{"hostingSite":"easystay-2709b","storageBucket":"easystay-2709b.appspot.com","locationId":"asia-south1"},"state":"ACTIVE","etag":"1_44ca3946-56db-46af-a6e0-aeee066da397"}
[debug] [2023-08-13T00:24:21.363Z] SyntaxError: Unexpected end of JSON input
    at JSON.parse (<anonymous>)
    at findDependency (D:\personal\easystay\clientMVP\node_modules\firebase-tools\lib\frameworks\utils.js:178:23)
    at prepareFrameworks (D:\personal\easystay\clientMVP\node_modules\firebase-tools\lib\frameworks\index.js:123:67)
    at deploy (D:\personal\easystay\clientMVP\node_modules\firebase-tools\lib\deploy\index.js:55:54)
    at Command.actionFn (D:\personal\easystay\clientMVP\node_modules\firebase-tools\lib\commands\deploy.js:79:32)
    at D:\personal\easystay\clientMVP\node_modules\firebase-tools\lib\command.js:224:25
    at process.processTicksAndRejections (node:internal/process/task_queues:95:5)
[error] 
[error] Error: An unexpected error has occurred.
[debug] [2023-08-13T00:25:12.117Z] ----------------------------------------------------------------------
[debug] [2023-08-13T00:25:12.122Z] Command:       C:\Program Files\nodejs\node.exe D:\personal\easystay\clientMVP\node_modules\firebase-tools\lib\bin\firebase.js deploy
[debug] [2023-08-13T00:25:12.123Z] CLI Version:   12.4.7
[debug] [2023-08-13T00:25:12.124Z] Platform:      win32
[debug] [2023-08-13T00:25:12.125Z] Node Version:  v18.16.0
[debug] [2023-08-13T00:25:12.128Z] Time:          Sun Aug 13 2023 05:25:12 GMT+0500 (Pakistan Standard Time)
[debug] [2023-08-13T00:25:12.128Z] ----------------------------------------------------------------------
[debug] 
[debug] [2023-08-13T00:25:12.289Z] > command requires scopes: ["email","openid","https://www.googleapis.com/auth/cloudplatformprojects.readonly","https://www.googleapis.com/auth/firebase","https://www.googleapis.com/auth/cloud-platform"]
[debug] [2023-08-13T00:25:12.290Z] > authorizing via signed-in user (salizahid75@gmail.com)
[debug] [2023-08-13T00:25:12.290Z] [iam] checking project easystay-2709b for permissions ["firebase.projects.get","firebasehosting.sites.update"]
[debug] [2023-08-13T00:25:12.295Z] >>> [apiv2][query] POST https://cloudresourcemanager.googleapis.com/v1/projects/easystay-2709b:testIamPermissions [none]
[debug] [2023-08-13T00:25:12.296Z] >>> [apiv2][(partial)header] POST https://cloudresourcemanager.googleapis.com/v1/projects/easystay-2709b:testIamPermissions x-goog-quota-user=projects/easystay-2709b
[debug] [2023-08-13T00:25:12.296Z] >>> [apiv2][body] POST https://cloudresourcemanager.googleapis.com/v1/projects/easystay-2709b:testIamPermissions {"permissions":["firebase.projects.get","firebasehosting.sites.update"]}
[debug] [2023-08-13T00:25:14.020Z] <<< [apiv2][status] POST https://cloudresourcemanager.googleapis.com/v1/projects/easystay-2709b:testIamPermissions 200
[debug] [2023-08-13T00:25:14.022Z] <<< [apiv2][body] POST https://cloudresourcemanager.googleapis.com/v1/projects/easystay-2709b:testIamPermissions {"permissions":["firebase.projects.get","firebasehosting.sites.update"]}
[debug] [2023-08-13T00:25:14.025Z] >>> [apiv2][query] GET https://firebase.googleapis.com/v1beta1/projects/easystay-2709b [none]
[debug] [2023-08-13T00:25:14.713Z] <<< [apiv2][status] GET https://firebase.googleapis.com/v1beta1/projects/easystay-2709b 200
[debug] [2023-08-13T00:25:14.714Z] <<< [apiv2][body] GET https://firebase.googleapis.com/v1beta1/projects/easystay-2709b {"projectId":"easystay-2709b","projectNumber":"311834497870","displayName":"EasyStay","name":"projects/easystay-2709b","resources":{"hostingSite":"easystay-2709b","storageBucket":"easystay-2709b.appspot.com","locationId":"asia-south1"},"state":"ACTIVE","etag":"1_44ca3946-56db-46af-a6e0-aeee066da397"}
[debug] [2023-08-13T00:25:16.965Z] SyntaxError: Unexpected end of JSON input
    at JSON.parse (<anonymous>)
    at findDependency (D:\personal\easystay\clientMVP\node_modules\firebase-tools\lib\frameworks\utils.js:178:23)
    at prepareFrameworks (D:\personal\easystay\clientMVP\node_modules\firebase-tools\lib\frameworks\index.js:123:67)
    at deploy (D:\personal\easystay\clientMVP\node_modules\firebase-tools\lib\deploy\index.js:55:54)
    at Command.actionFn (D:\personal\easystay\clientMVP\node_modules\firebase-tools\lib\commands\deploy.js:79:32)
    at D:\personal\easystay\clientMVP\node_modules\firebase-tools\lib\command.js:224:25
    at process.processTicksAndRejections (node:internal/process/task_queues:95:5)
[error] 
[error] Error: An unexpected error has occurred.
